Sat Mar 09 22:08:55 CST 2013  [debug] AvalonLogSystem initialized using logfile 'velocity.log'
Sat Mar 09 22:08:55 CST 2013   [info] ************************************************************** 
Sat Mar 09 22:08:55 CST 2013   [info] Starting Jakarta Velocity v1.4
Sat Mar 09 22:08:55 CST 2013   [info] RuntimeInstance initializing.
Sat Mar 09 22:08:55 CST 2013   [info] Default Properties File: org\apache\velocity\runtime\defaults\velocity.properties
Sat Mar 09 22:08:55 CST 2013   [info] Trying to use logger class org.apache.velocity.runtime.log.AvalonLogSystem
Sat Mar 09 22:08:55 CST 2013   [info] Using logger class org.apache.velocity.runtime.log.AvalonLogSystem
Sat Mar 09 22:08:55 CST 2013   [info] Default ResourceManager initializing. (class org.apache.velocity.runtime.resource.ResourceManagerImpl)
Sat Mar 09 22:08:55 CST 2013   [info] Resource Loader Instantiated: org.apache.velocity.runtime.resource.loader.FileResourceLoader
Sat Mar 09 22:08:55 CST 2013   [info] FileResourceLoader : initialization starting.
Sat Mar 09 22:08:55 CST 2013   [info] FileResourceLoader : adding path '.'
Sat Mar 09 22:08:55 CST 2013   [info] FileResourceLoader : initialization complete.
Sat Mar 09 22:08:55 CST 2013   [info] ResourceCache : initialized. (class org.apache.velocity.runtime.resource.ResourceCacheImpl)
Sat Mar 09 22:08:55 CST 2013   [info] Default ResourceManager initialization complete.
Sat Mar 09 22:08:55 CST 2013   [info] Loaded System Directive: org.apache.velocity.runtime.directive.Literal
Sat Mar 09 22:08:55 CST 2013   [info] Loaded System Directive: org.apache.velocity.runtime.directive.Macro
Sat Mar 09 22:08:55 CST 2013   [info] Loaded System Directive: org.apache.velocity.runtime.directive.Parse
Sat Mar 09 22:08:55 CST 2013   [info] Loaded System Directive: org.apache.velocity.runtime.directive.Include
Sat Mar 09 22:08:55 CST 2013   [info] Loaded System Directive: org.apache.velocity.runtime.directive.Foreach
Sat Mar 09 22:08:55 CST 2013   [info] Created: 20 parsers.
Sat Mar 09 22:08:55 CST 2013   [info] Velocimacro : initialization starting.
Sat Mar 09 22:08:55 CST 2013   [info] Velocimacro : adding VMs from VM library template : VM_global_library.vm
Sat Mar 09 22:08:55 CST 2013  [error] ResourceManager : unable to find resource 'VM_global_library.vm' in any resource loader.
Sat Mar 09 22:08:55 CST 2013   [info] Velocimacro : error using  VM library template VM_global_library.vm : org.apache.velocity.exception.ResourceNotFoundException: Unable to find resource 'VM_global_library.vm'
Sat Mar 09 22:08:55 CST 2013   [info] Velocimacro :  VM library template macro registration complete.
Sat Mar 09 22:08:55 CST 2013   [info] Velocimacro : allowInline = true : VMs can be defined inline in templates
Sat Mar 09 22:08:55 CST 2013   [info] Velocimacro : allowInlineToOverride = false : VMs defined inline may NOT replace previous VM definitions
Sat Mar 09 22:08:55 CST 2013   [info] Velocimacro : allowInlineLocal = false : VMs defined inline will be  global in scope if allowed.
Sat Mar 09 22:08:55 CST 2013   [info] Velocimacro : messages on  : VM system will output logging messages
Sat Mar 09 22:08:55 CST 2013   [info] Velocimacro : autoload off  : VM system will not automatically reload global library macros
Sat Mar 09 22:08:55 CST 2013   [info] Velocimacro : initialization complete.
Sat Mar 09 22:08:55 CST 2013   [info] Velocity successfully started.
Sat Mar 09 22:08:55 CST 2013   [info] ResourceManager : found vms/emailTemplate.vm with loader org.apache.velocity.runtime.resource.loader.FileResourceLoader
